<?xml version="1.0" encoding="UTF-8"?>
<!-- Generated by org.testng.reporters.JUnitReportReporter -->
<testsuite skipped="0" hostname="DESKTOP-6GHSNO6" name="com.lemon_yy.testcases.LoginTest" tests="15" failures="0" timestamp="2022-04-10T17:27:31 CST" time="2.432" errors="0">
  <testcase name="testLogin" time="0.104" classname="com.lemon_yy.testcases.LoginTest"/>
  <testcase name="testLogin" time="0.185" classname="com.lemon_yy.testcases.LoginTest"/>
  <testcase name="testLogin" time="0.200" classname="com.lemon_yy.testcases.LoginTest"/>
  <testcase name="testLogin" time="0.116" classname="com.lemon_yy.testcases.LoginTest"/>
  <testcase name="testLogin" time="0.231" classname="com.lemon_yy.testcases.LoginTest"/>
  <testcase name="testLogin" time="0.189" classname="com.lemon_yy.testcases.LoginTest"/>
  <testcase name="testLogin" time="0.218" classname="com.lemon_yy.testcases.LoginTest"/>
  <testcase name="testLogin" time="0.127" classname="com.lemon_yy.testcases.LoginTest"/>
  <testcase name="testLogin" time="0.116" classname="com.lemon_yy.testcases.LoginTest"/>
  <testcase name="testLogin" time="0.217" classname="com.lemon_yy.testcases.LoginTest"/>
  <testcase name="testLogin" time="0.106" classname="com.lemon_yy.testcases.LoginTest"/>
  <testcase name="testLogin" time="0.098" classname="com.lemon_yy.testcases.LoginTest"/>
  <testcase name="testLogin" time="0.212" classname="com.lemon_yy.testcases.LoginTest"/>
  <testcase name="testLogin" time="0.112" classname="com.lemon_yy.testcases.LoginTest"/>
  <testcase name="testLogin" time="0.201" classname="com.lemon_yy.testcases.LoginTest"/>
</testsuite> <!-- com.lemon_yy.testcases.LoginTest -->
