<?xml version="1.0" encoding="UTF-8"?>
<!-- Generated by org.testng.reporters.JUnitReportReporter -->
<testsuite skipped="0" hostname="DESKTOP-6GHSNO6" name="com.lemon_yy.testcases.RegisterTest" tests="14" failures="0" timestamp="2022-04-10T17:27:31 CST" time="9.951" errors="0">
  <testcase name="testRegister" time="3.604" classname="com.lemon_yy.testcases.RegisterTest"/>
  <testcase name="testRegister" time="0.120" classname="com.lemon_yy.testcases.RegisterTest"/>
  <testcase name="testRegister" time="0.115" classname="com.lemon_yy.testcases.RegisterTest"/>
  <testcase name="testRegister" time="0.114" classname="com.lemon_yy.testcases.RegisterTest"/>
  <testcase name="testRegister" time="0.110" classname="com.lemon_yy.testcases.RegisterTest"/>
  <testcase name="testRegister" time="3.892" classname="com.lemon_yy.testcases.RegisterTest"/>
  <testcase name="testRegister" time="0.123" classname="com.lemon_yy.testcases.RegisterTest"/>
  <testcase name="testRegister" time="1.131" classname="com.lemon_yy.testcases.RegisterTest"/>
  <testcase name="testRegister" time="0.201" classname="com.lemon_yy.testcases.RegisterTest"/>
  <testcase name="testRegister" time="0.083" classname="com.lemon_yy.testcases.RegisterTest"/>
  <testcase name="testRegister" time="0.116" classname="com.lemon_yy.testcases.RegisterTest"/>
  <testcase name="testRegister" time="0.100" classname="com.lemon_yy.testcases.RegisterTest"/>
  <testcase name="testRegister" time="0.122" classname="com.lemon_yy.testcases.RegisterTest"/>
  <testcase name="testRegister" time="0.120" classname="com.lemon_yy.testcases.RegisterTest"/>
</testsuite> <!-- com.lemon_yy.testcases.RegisterTest -->
