<?xml version="1.0" encoding="UTF-8"?>
<!-- Generated by org.testng.reporters.JUnitReportReporter -->
<testsuite skipped="0" hostname="DESKTOP-6GHSNO6" name="com.lemon_yy.testcases.GetUserInfoTest" tests="1" failures="0" timestamp="2022-04-10T17:27:31 CST" time="0.132" errors="0">
  <testcase name="testGetUserInfo" time="0.132" classname="com.lemon_yy.testcases.GetUserInfoTest"/>
</testsuite> <!-- com.lemon_yy.testcases.GetUserInfoTest -->
